<?xml version="1.0" encoding="UTF-8"?>
<!-- Generated by org.testng.reporters.JUnitReportReporter -->
<testsuite hostname="DESKTOP-L77H3G1" failures="0" tests="1" name="com.orangewebsitepomtask.testscrpit" time="28.909" errors="0" timestamp="2024-05-08T10:14:51 IST" skipped="0">
  <testcase classname="com.orangewebsitepomtask.testscrpit" name="test" time="28.909"/>
  <system-out/>
</testsuite> <!-- com.orangewebsitepomtask.testscrpit -->
