<?xml version="1.0" encoding="UTF-8"?>
<!-- Generated by org.testng.reporters.JUnitReportReporter -->
<testsuite hostname="DESKTOP-L77H3G1" failures="0" tests="1" name="com.demopomtask.Testscript" time="19.082" errors="0" timestamp="2024-05-08T12:19:30 IST" skipped="0">
  <testcase classname="com.demopomtask.Testscript" name="test" time="19.082"/>
  <system-out/>
</testsuite> <!-- com.demopomtask.Testscript -->
